<?xml version="1.0" encoding="UTF-8" ?>
<testsuite errors="0" failures="3" hostname="DESKTOP-6H49DRA" name="LMS.AA_ALL_TEST_CASES_RUN" skipped="0" tests="154" time="630.607" timestamp="2020-05-03T04:29:54">
  <properties>
[...]
</properties>
  <testcase classname="LMS.AddBookUIIT" name="AddBookTestCase1" time="7.903" />
  <testcase classname="LMS.AddBookUIIT" name="AddBookTestCase2" time="4.813" />
  <testcase classname="LMS.AddBookUIIT" name="AddBookTestCase3" time="6.202" />
  <testcase classname="LMS.AddBookUIIT" name="AddBookTestCase4" time="6.453" />
  <testcase classname="LMS.AddBookUIIT" name="GoBack" time="2.813" />
  <testcase classname="LMS.AddBorrowerUIIT" name="AddBorrowerTestCase1" time="8.897" />
  <testcase classname="LMS.AddBorrowerUIIT" name="AddBorrowerTestCase2" time="9.673" />
  <testcase classname="LMS.AddBorrowerUIIT" name="AddBorrowerTestCase3" time="9.632" />
  <testcase classname="LMS.AddBorrowerUIIT" name="AddBorrowerTestCase4" time="6.158" />
  <testcase classname="LMS.AddBorrowerUIIT" name="AddBorrowerTestCase5" time="7.026" />
  <testcase classname="LMS.AddBorrowerUIIT" name="AddBorrowerTestCase6" time="8.06" />
  <testcase classname="LMS.AddBorrowerUIIT" name="AddBorrowerTestCase7" time="8.056" />
  <testcase classname="LMS.AddClerkUIIT" name="AddNewClerkTestCase1" time="6.474" />
  <testcase classname="LMS.AddClerkUIIT" name="AddNewClerkTestCase2" time="7.484" />
  <testcase classname="LMS.AddClerkUIIT" name="AddNewClerkTestCase3" time="7.325" />
  <testcase classname="LMS.AddClerkUIIT" name="AddNewClerkTestCase4" time="5.379" />
  <testcase classname="LMS.AddClerkUIIT" name="AddNewClerkTestCase5" time="4.499" />
  <testcase classname="LMS.AddClerkUIIT" name="AddNewClerkTestCase6" time="5.7" />
  <testcase classname="LMS.AddClerkUIIT" name="AddNewClerkTestCase7" time="5.705" />
  <testcase classname="LMS.AddClerkUIIT" name="AddNewLibrarianTestCase1" time="7.064" />
  <testcase classname="LMS.AddClerkUIIT" name="AddNewLibrarianTestCase2" time="7.874" />
  <testcase classname="LMS.AddClerkUIIT" name="AddNewLibrarianTestCase3" time="7.888" />
  <testcase classname="LMS.AddClerkUIIT" name="AddNewLibrarianTestCase4" time="5.461" />
  <testcase classname="LMS.AddClerkUIIT" name="AddNewLibrarianTestCase5" time="5.081" />
  <testcase classname="LMS.AddClerkUIIT" name="AddNewLibrarianTestCase6" time="6.183" />
  <testcase classname="LMS.AddClerkUIIT" name="AddNewLibrarianTestCase7" time="6.295" />
  <testcase classname="LMS.AdminUIIT" name="LogoutTestCase1" time="2.804" />
  <testcase classname="LMS.AdminUIIT" name="ViewBooksTestCase1" time="2.789" />
  <testcase classname="LMS.AdminUIIT" name="AddClerkTestCase1" time="2.802" />
  <testcase classname="LMS.AdminUIIT" name="AddLibrarianTestCase1" time="2.829" />
  <testcase classname="LMS.AdminUIIT" name="ViewIssueHistoryTestCase1" time="2.817" />
  <testcase classname="LMS.BorrowerInfoUIIT" name="ChangeBorrowerAddressTestCase1" time="7.985" />
  <testcase classname="LMS.BorrowerInfoUIIT" name="ChangeBorrowerAddressTestCase2" time="5.152" />
  <testcase classname="LMS.BorrowerInfoUIIT" name="ChangeBorrowerNameTestCase1" time="7.89" />
  <testcase classname="LMS.BorrowerInfoUIIT" name="ChangeBorrowerNameTestCase2" time="5.124" />
  <testcase classname="LMS.BorrowerInfoUIIT" name="DisplayBorrowerProfileTestCase1" time="3.332" />
  <testcase classname="LMS.BorrowerInfoUIIT" name="DisplayBorrowerProfileTestCase2" time="3.463" />
  <testcase classname="LMS.BorrowerInfoUIIT" name="DisplayBorrowerProfileTestCase3" time="4.321" />
  <testcase classname="LMS.BorrowerInfoUIIT" name="ChangeBorrowerPasswordTestCase1" time="5.194" />
  <testcase classname="LMS.BorrowerInfoUIIT" name="ChangeBorrowerPasswordTestCase2" time="5.131" />
  <testcase classname="LMS.BorrowerInfoUIIT" name="ChangeBorrowerPhoneTestCase1" time="5.787" />
  <testcase classname="LMS.BorrowerInfoUIIT" name="ChangeBorrowerPhoneTestCase2" time="7.817" />
  <testcase classname="LMS.BorrowerInfoUIIT" name="ChangeBorrowerPhoneTestCase3" time="5.115" />
  <testcase classname="LMS.BorrowerUIIT" name="ProfileInfoTestCase1" time="2.808" />
  <testcase classname="LMS.BorrowerUIIT" name="LogoutTestCase1" time="2.799" />
  <testcase classname="LMS.BorrowerUIIT" name="RequestQueueTestCase1" time="2.815" />
  <testcase classname="LMS.BorrowerUIIT" name="CheckFineTestCase1" time="2.824" />
  <testcase classname="LMS.BorrowerUIIT" name="SearchBookTestCase1" time="2.79" />
  <testcase classname="LMS.BorrowerUIIT" name="PlaceOnHoldTestCase1" time="2.795" />
  <testcase classname="LMS.ChangeBookInfoUIIT" name="UpdateBookSubjectTestCase1" time="7.782" />
  <testcase classname="LMS.ChangeBookInfoUIIT" name="UpdateBookSubjectTestCase2" time="5.125" />
  <testcase classname="LMS.ChangeBookInfoUIIT" name="GetBookTestCase1" time="3.325" />
  <testcase classname="LMS.ChangeBookInfoUIIT" name="GetBookTestCase2" time="3.597" />
  <testcase classname="LMS.ChangeBookInfoUIIT" name="GetBookTestCase3" time="4.231" />
  <testcase classname="LMS.ChangeBookInfoUIIT" name="UpdateBookTitleTestCase1" time="7.54" />
  <testcase classname="LMS.ChangeBookInfoUIIT" name="UpdateBookTitleTestCase2" time="5.117" />
  <testcase classname="LMS.ChangeBookInfoUIIT" name="UpdateBookAuthorTestCase1" time="5.165" />
  <testcase classname="LMS.ChangeBookInfoUIIT" name="UpdateBookAuthorTestCase2" time="5.12" />
  <testcase classname="LMS.ChangeBookInfoUIIT" name="GoBack" time="2.804" />
  <testcase classname="LMS.ClerkInfoUIIT" name="ShowClerkInfoTestCase1" time="3.091" />
  <testcase classname="LMS.ClerkInfoUIIT" name="ShowClerkInfoTestCase2" time="3.459" />
  <testcase classname="LMS.ClerkInfoUIIT" name="ShowClerkInfoTestCase3" time="3.787" />
  <testcase classname="LMS.ClerkInfoUIIT" name="GoBack" time="2.832" />
  <testcase classname="LMS.ClerkUIIT" name="CheckInBookTestCase1" time="2.812" />
  <testcase classname="LMS.ClerkUIIT" name="ProfileInfoTestCase1" time="2.789" />
  <testcase classname="LMS.ClerkUIIT" name="RenewBookTestCase1" time="2.788" />
  <testcase classname="LMS.ClerkUIIT" name="LogoutTestCase1" time="2.791" />
  <testcase classname="LMS.ClerkUIIT" name="AddBorrowerTestCase1" time="2.81" />
  <testcase classname="LMS.ClerkUIIT" name="CheckOutBookTestCase1" time="2.806" />
  <testcase classname="LMS.ClerkUIIT" name="RequestQueueTestCase1" time="2.785" />
  <testcase classname="LMS.ClerkUIIT" name="CheckFineTestCase1" time="2.792" />
  <testcase classname="LMS.ClerkUIIT" name="BorrowerInfoTestCase1" time="2.801" />
  <testcase classname="LMS.ClerkUIIT" name="SearchBookTestCase1" time="2.823" />
  <testcase classname="LMS.ClerkUIIT" name="PlaceOnHoldTestCase1" time="2.805" />
  <testcase classname="LMS.HoldBookUIIT" name="HoldBookOtherTestCase1" time="3.872" />
  <testcase classname="LMS.HoldBookUIIT" name="HoldBookOtherTestCase2" time="4.103" />
  <testcase classname="LMS.HoldBookUIIT" name="HoldBookOtherTestCase3" time="4.191" />
  <testcase classname="LMS.HoldBookUIIT" name="HoldBookOtherTestCase4" time="3.309" />
  <testcase classname="LMS.HoldBookUIIT" name="HoldBookOtherTestCase5" time="4.092" />
  <testcase classname="LMS.HoldBookUIIT" name="HoldBookOtherTestCase6" time="4.532" />
  <testcase classname="LMS.HoldBookUIIT" name="HoldBookOtherTestCase7" time="3.336" />
  <testcase classname="LMS.HoldBookUIIT" name="HoldBookBorrowerTestCase1" time="3.357" />
  <testcase classname="LMS.HoldBookUIIT" name="HoldBookBorrowerTestCase2" time="3.689" />
  <testcase classname="LMS.HoldBookUIIT" name="HoldBookBorrowerTestCase3" time="3.436" />
  <testcase classname="LMS.HoldBookUIIT" name="HoldBookBorrowerTestCase4" time="2.794" />
  <testcase classname="LMS.IssueBookUIIT" name="IssueBookTestCase1" time="2.858" />
  <testcase classname="LMS.IssueBookUIIT" name="IssueBookTestCase2" time="3.105" />
  <testcase classname="LMS.IssueBookUIIT" name="IssueBookTestCase3" time="3.21">
    <failure message="expected:&lt;false&gt; but was:&lt;true&gt;" type="junit.framework.AssertionFailedError">junit.framework.AssertionFailedError: expected:&lt;false&gt; but was:&lt;true&gt;
	at LMS.IssueBookUIIT.IssueBookTestCase3(IssueBookUIIT.java:70)
</failure>
  </testcase>
  <testcase classname="LMS.IssueBookUIIT" name="IssueBookTestCase4" time="2.315" />
  <testcase classname="LMS.IssueBookUIIT" name="IssueBookTestCase5" time="3.216" />
  <testcase classname="LMS.IssueBookUIIT" name="IssueBookTestCase6" time="3.533">
    <failure message="expected:&lt;false&gt; but was:&lt;true&gt;" type="junit.framework.AssertionFailedError">junit.framework.AssertionFailedError: expected:&lt;false&gt; but was:&lt;true&gt;
	at LMS.IssueBookUIIT.IssueBookTestCase6(IssueBookUIIT.java:102)
</failure>
  </testcase>
  <testcase classname="LMS.IssueBookUIIT" name="IssueBookTestCase7" time="2.348" />
  <testcase classname="LMS.IssueBookUIIT" name="GoBack" time="1.792" />
  <testcase classname="LMS.LibrarianInfoUIIT" name="ShowLibrarianInfo" time="2.789" />
  <testcase classname="LMS.LibrarianUIIT" name="Logout" time="2.788" />
  <testcase classname="LMS.LibrarianUIIT" name="CheckFine" time="2.79" />
  <testcase classname="LMS.LibrarianUIIT" name="AddBorrower" time="2.805" />
  <testcase classname="LMS.LibrarianUIIT" name="BorrowerInfo" time="2.813" />
  <testcase classname="LMS.LibrarianUIIT" name="RemoveBook" time="2.786" />
  <testcase classname="LMS.LibrarianUIIT" name="CheckOutBook" time="2.82" />
  <testcase classname="LMS.LibrarianUIIT" name="RenewBook" time="2.795" />
  <testcase classname="LMS.LibrarianUIIT" name="AddBook" time="2.797" />
  <testcase classname="LMS.LibrarianUIIT" name="ClerkInfo" time="2.821" />
  <testcase classname="LMS.LibrarianUIIT" name="SearchBook" time="2.798" />
  <testcase classname="LMS.LibrarianUIIT" name="RequestQueue" time="2.825" />
  <testcase classname="LMS.LibrarianUIIT" name="PlaceOnHold" time="2.806" />
  <testcase classname="LMS.LibrarianUIIT" name="ProfileInfo" time="2.788" />
  <testcase classname="LMS.LibrarianUIIT" name="BookInfo" time="2.786" />
  <testcase classname="LMS.LibrarianUIIT" name="CheckInBook" time="2.79" />
  <testcase classname="LMS.MainUIIT" name="OtherUserLoginTestCase1" time="3.599" />
  <testcase classname="LMS.MainUIIT" name="OtherUserLoginTestCase2" time="4.08" />
  <testcase classname="LMS.MainUIIT" name="OtherUserLoginTestCase3" time="3.856" />
  <testcase classname="LMS.MainUIIT" name="OtherUserLoginTestCase4" time="3.338" />
  <testcase classname="LMS.MainUIIT" name="OtherUserLoginTestCase5" time="3.083" />
  <testcase classname="LMS.MainUIIT" name="AdminLoginTestCase1" time="3.568" />
  <testcase classname="LMS.MainUIIT" name="AdminLoginTestCase2" time="3.036" />
  <testcase classname="LMS.MainUIIT" name="AdminLoginTestCase3" time="5.237" />
  <testcase classname="LMS.RemoveBookUIIT" name="RemoveBookTestCase1" time="3.326">
    <failure message="expected:&lt;false&gt; but was:&lt;true&gt;" type="junit.framework.AssertionFailedError">junit.framework.AssertionFailedError: expected:&lt;false&gt; but was:&lt;true&gt;
	at LMS.RemoveBookUIIT.RemoveBookTestCase1(RemoveBookUIIT.java:48)
</failure>
  </testcase>
  <testcase classname="LMS.RemoveBookUIIT" name="RemoveBookTestCase2" time="3.555" />
  <testcase classname="LMS.RemoveBookUIIT" name="RemoveBookTestCase3" time="3.605" />
  <testcase classname="LMS.RemoveBookUIIT" name="RemoveBookTestCase4" time="2.796" />
  <testcase classname="LMS.RemoveBookUIIT" name="GoBack" time="2.79" />
  <testcase classname="LMS.RenewBookUIIT" name="RenewBookIssueTestCase1" time="5.087" />
  <testcase classname="LMS.RenewBookUIIT" name="RenewBookIssueTestCase2" time="5.327" />
  <testcase classname="LMS.RenewBookUIIT" name="RenewBookIssueTestCase3" time="5.581" />
  <testcase classname="LMS.RenewBookUIIT" name="RenewBookIssueTestCase4" time="4.579" />
  <testcase classname="LMS.RenewBookUIIT" name="GetBooksTestCase1" time="3.341" />
  <testcase classname="LMS.RenewBookUIIT" name="GetBooksTestCase2" time="3.583" />
  <testcase classname="LMS.RenewBookUIIT" name="GetBooksTestCase3" time="3.453" />
  <testcase classname="LMS.RenewBookUIIT" name="GetBooksTestCase4" time="2.79" />
  <testcase classname="LMS.RenewBookUIIT" name="GoBack" time="2.786" />
  <testcase classname="LMS.SearchBookUIIT" name="SearchBookTitleTestCase1" time="3.542" />
  <testcase classname="LMS.SearchBookUIIT" name="SearchBookTitleTestCase2" time="2.792" />
  <testcase classname="LMS.SearchBookUIIT" name="SearchBookAuthorTestCase1" time="3.882" />
  <testcase classname="LMS.SearchBookUIIT" name="SearchBookAuthorTestCase2" time="3.014" />
  <testcase classname="LMS.SearchBookUIIT" name="SearchBookSubjectTestCase1" time="3.902" />
  <testcase classname="LMS.SearchBookUIIT" name="SearchBookSubjectTestCase2" time="3.05" />
  <testcase classname="LMS.SearchBookUIIT" name="GoBack" time="2.817" />
  <testcase classname="LMS.ShowBooksUIIT" name="ViewIssueHistoryTestCase1" time="2.802" />
  <testcase classname="LMS.ShowBooksUIIT" name="ViewAllBooksTestCase1" time="2.809" />
  <testcase classname="LMS.TotalFineUIIT" name="PayNowTestCase1" time="3.318" />
  <testcase classname="LMS.TotalFineUIIT" name="PayNowTestCase2" time="3.563" />
  <testcase classname="LMS.TotalFineUIIT" name="PayNowTestCase3" time="3.823" />
  <testcase classname="LMS.TotalFineUIIT" name="PayNowTestCase4" time="2.786" />
  <testcase classname="LMS.TotalFineUIIT" name="ComputeTotalFineTestCase1" time="3.323" />
  <testcase classname="LMS.TotalFineUIIT" name="ComputeTotalFineTestCase2" time="3.562" />
  <testcase classname="LMS.TotalFineUIIT" name="ComputeTotalFineTestCase3" time="3.687" />
  <testcase classname="LMS.TotalFineUIIT" name="ComputeTotalFineTestCase4" time="2.8" />
  <testcase classname="LMS.TotalFineUIIT" name="GoBack" time="2.774" />
  <testcase classname="LMS.ViewHoldRequestsUIIT" name="ViewHoldRequestsTestCase1" time="3.332" />
  <testcase classname="LMS.ViewHoldRequestsUIIT" name="ViewHoldRequestsTestCase2" time="3.665" />
  <testcase classname="LMS.ViewHoldRequestsUIIT" name="ViewHoldRequestsTestCase3" time="4.005" />
  <testcase classname="LMS.ViewHoldRequestsUIIT" name="ViewHoldRequestsTestCase4" time="2.784" />
  <testcase classname="LMS.ViewHoldRequestsUIIT" name="GoBack" time="2.815" />
  <system-out><![CDATA[DB Connected
1
100
No Books on Hold Yet!

Book with Title sample book title 1 is successfully created.
CLEARING NOW!
PERSON CLEARED!
DB Connected
1
100
No Books on Hold Yet!
DB Connected
1
100
No Books on Hold Yet!
DB Connected
1
100
No Books on Hold Yet!
DB Connected
1
100
No Books on Hold Yet!
DB Connected
1
100
No Books on Hold Yet!
CLEARING NOW!
PERSON CLEARED!
DB Connected
1
100
102
No Books on Hold Yet!
DB Connected
1
100
102
No Books on Hold Yet!
DB Connected
1
100
102
No Books on Hold Yet!
DB Connected
1
100
102
No Books on Hold Yet!
DB Connected
1
100
102
No Books on Hold Yet!
DB Connected
1
100
102
No Books on Hold Yet!
DB Connected
1
100
102
No Books on Hold Yet!
CLEARING NOW!
PERSON CLEARED!
DB Connected
1
100
102
No Books on Hold Yet!
DB Connected
1
100
102
No Books on Hold Yet!
DB Connected
1
100
102
No Books on Hold Yet!
DB Connected
1
100
102
No Books on Hold Yet!
DB Connected
1
100
102
No Books on Hold Yet!
DB Connected
1
100
102
No Books on Hold Yet!
DB Connected
1
100
102
No Books on Hold Yet!

Sorry, the library already has one librarian. New Librarian can't be created.
DB Connected
1
100
102
No Books on Hold Yet!
DB Connected
1
100
102
No Books on Hold Yet!
DB Connected
1
100
102
No Books on Hold Yet!
DB Connected
1
100
102
No Books on Hold Yet!
DB Connected
1
100
102
No Books on Hold Yet!
DB Connected
1
100
102
No Books on Hold Yet!
DB Connected
1
100
102
No Books on Hold Yet!
DB Connected
1
100
102
No Books on Hold Yet!
DB Connected
1
100
102
No Books on Hold Yet!
DB Connected
1
100
102
No Books on Hold Yet!
DB Connected
1
100
102
No Books on Hold Yet!
DB Connected
1
100
102
No Books on Hold Yet!
NewPass!:New Borrower Name:Street 233, Germany:12098
CLEARING NOW!
PERSON CLEARED!
DB Connected
1
100
102
No Books on Hold Yet!
DB Connected
1
100
102
No Books on Hold Yet!
NewPass!:New Borrower Name:Street 233, Germany:12098
CLEARING NOW!
PERSON CLEARED!
DB Connected
1
100
102
No Books on Hold Yet!
DB Connected
1
100
102
No Books on Hold Yet!
DB Connected
1
100
102
No Books on Hold Yet!
DB Connected
1
100
102
No Books on Hold Yet!
DB Connected
1
100
102
No Books on Hold Yet!
NewPass!:New Borrower Name:Street 233, Germany:12098
CLEARING NOW!
PERSON CLEARED!
DB Connected
1
100
102
No Books on Hold Yet!
DB Connected
1
100
102
No Books on Hold Yet!
NewPass!:New Borrower Name:Street 233, Germany:12098
CLEARING NOW!
PERSON CLEARED!
DB Connected
1
100
102
No Books on Hold Yet!
DB Connected
1
100
102
No Books on Hold Yet!
DB Connected
1
100
102
No Books on Hold Yet!
DB Connected
1
100
102
No Books on Hold Yet!
DB Connected
1
100
102
No Books on Hold Yet!
DB Connected
1
100
102
No Books on Hold Yet!
---------------------------------------------------------------------------------------------------------------------------------------------------------------------
No.		Book's Title		Borrower's Name			Issued Date			Returned Date				Fine(Rs)
-------------------------------------------------------------------------------------------------------------------------------------------------------------------
DB Connected
1
100
102
No Books on Hold Yet!
DB Connected
1
100
102
No Books on Hold Yet!
DB Connected
1
100
102
No Books on Hold Yet!
CLEARING NOW!
PERSON CLEARED!
DB Connected
1
100
102
No Books on Hold Yet!
DB Connected
1
100
102
No Books on Hold Yet!
DB Connected
1
100
102
No Books on Hold Yet!
DB Connected
1
100
102
No Books on Hold Yet!
DB Connected
1
100
102
No Books on Hold Yet!
CLEARING NOW!
PERSON CLEARED!
DB Connected
1
100
102
No Books on Hold Yet!
DB Connected
1
100
102
No Books on Hold Yet!
CLEARING NOW!
PERSON CLEARED!
DB Connected
1
100
102
No Books on Hold Yet!
DB Connected
1
100
102
No Books on Hold Yet!
DB Connected
1
100
102
No Books on Hold Yet!
DB Connected
1
100
102
No Books on Hold Yet!
DB Connected
1
100
102
No Books on Hold Yet!
DB Connected
1
100
102
No Books on Hold Yet!
DB Connected
1
100
102
No Books on Hold Yet!
DB Connected
1
100
102
No Books on Hold Yet!
DB Connected
1
100
102
No Books on Hold Yet!
DB Connected
1
100
102
No Books on Hold Yet!
DB Connected
1
100
102
No Books on Hold Yet!
DB Connected
1
100
102
No Books on Hold Yet!
DB Connected
1
100
102
No Books on Hold Yet!
DB Connected
1
100
102
No Books on Hold Yet!
DB Connected
1
100
102
No Books on Hold Yet!
DB Connected
1
100
102
No Books on Hold Yet!
DB Connected
1
100
102
No Books on Hold Yet!
DB Connected
1
100
102
No Books on Hold Yet!

The book New Book Title has been successfully placed on hold by borrower New Borrower Name.

CLEARING NOW!
PERSON CLEARED!
DB Connected
1
100
102
DB Connected
1
100
102
DB Connected
1
100
102
DB Connected
1
100
102
DB Connected
1
100
102
DB Connected
1
100
102
DB Connected
1
100
102

The book New Book Title has been successfully placed on hold by borrower .

CLEARING NOW!
PERSON CLEARED!
DB Connected
1
100
102
No Borrower has borrowed yet from Library
DB Connected
1
100
102
No Borrower has borrowed yet from Library
DB Connected
1
100
102
No Borrower has borrowed yet from Library
DB Connected
1
100
102
No Borrower has borrowed yet from Library
CLEARING NOW!
PERSON CLEARED!
DB Connected
1
100
102
No Books on Hold Yet!
DB Connected
1
100
102
No Books on Hold Yet!
DB Connected
1
100
102
No Books on Hold Yet!
DB Connected
1
100
102
No Books on Hold Yet!
DB Connected
1
100
102
No Books on Hold Yet!
DB Connected
1
100
102
No Books on Hold Yet!
DB Connected
1
100
102
No Books on Hold Yet!
DB Connected
1
100
102
No Books on Hold Yet!
DB Connected
1
100
102
No Books on Hold Yet!
DB Connected
1
100
102
No Books on Hold Yet!
DB Connected
1
100
102
No Books on Hold Yet!
DB Connected
1
100
102
No Books on Hold Yet!
DB Connected
1
100
102
No Books on Hold Yet!
DB Connected
1
100
102
No Books on Hold Yet!
DB Connected
1
100
102
No Books on Hold Yet!
DB Connected
1
100
102
No Books on Hold Yet!
DB Connected
1
100
102
No Books on Hold Yet!
DB Connected
1
100
102
No Books on Hold Yet!
DB Connected
1
100
102
No Books on Hold Yet!
DB Connected
1
100
102
No Books on Hold Yet!
DB Connected
1
100
102
No Books on Hold Yet!
DB Connected
1
100
102
No Books on Hold Yet!
DB Connected
1
100
102
No Books on Hold Yet!
DB Connected
1
100
102
No Books on Hold Yet!
2:321
103:103
1:123

Login Successful
DB Connected
1
100
102
No Books on Hold Yet!
2:321
103:103
1:123
100:NewPass!
102:102

Sorry! Wrong ID or Password
DB Connected
1
100
102
No Books on Hold Yet!
DB Connected
1
100
102
No Books on Hold Yet!
DB Connected
1
100
102
No Books on Hold Yet!
DB Connected
1
100
102
No Books on Hold Yet!
DB Connected
1
100
102
No Books on Hold Yet!
DB Connected
1
100
102
No Books on Hold Yet!
DB Connected
1
100
102
No Books on Hold Yet!
CLEARING NOW!
PERSON CLEARED!
DB Connected
1
100
102
No Books on Hold Yet!
CLEARING NOW!
PERSON CLEARED!
DB Connected
1
100
102
No Books on Hold Yet!
DB Connected
1
100
102
No Books on Hold Yet!
DB Connected
1
100
102
No Books on Hold Yet!
DB Connected
1
100
102
No Books on Hold Yet!

The deadline of the book New Book Title has been extended.
Issued Book is successfully renewed!

CLEARING NOW!
PERSON CLEARED!
DB Connected
1
100
102
No Books on Hold Yet!
DB Connected
1
100
102
No Books on Hold Yet!
DB Connected
1
100
102
No Books on Hold Yet!
DB Connected
1
100
102
No Books on Hold Yet!
DB Connected
1
100
102
No Books on Hold Yet!
DB Connected
1
100
102
No Books on Hold Yet!
DB Connected
1
100
102
No Books on Hold Yet!
DB Connected
1
100
102
No Books on Hold Yet!
DB Connected
1
100
102
No Books on Hold Yet!
DB Connected
1
100
102
No Books on Hold Yet!
DB Connected
1
100
102
No Books on Hold Yet!
DB Connected
1
100
102
No Books on Hold Yet!
DB Connected
1
100
102
No Books on Hold Yet!
DB Connected
1
100
102
No Books on Hold Yet!
DB Connected
1
100
102
No Books on Hold Yet!
DB Connected
1
100
102
No Books on Hold Yet!
DB Connected
1
100
102
No Books on Hold Yet!
DB Connected
1
100
102
No Books on Hold Yet!
DB Connected
1
100
102
No Books on Hold Yet!
DB Connected
1
100
102
No Books on Hold Yet!
DB Connected
1
100
102
No Books on Hold Yet!
DB Connected
1
100
102
No Books on Hold Yet!
---------------------------------------------------------------------------------------------------------------------------------------------------------------------
No.		Book's Title		Borrower's Name			Issued Date			Returned Date				Fine(Rs)
-------------------------------------------------------------------------------------------------------------------------------------------------------------------
0-		New Book Title			New Borrower Name		Sun May 03 00:00:00 PKT 2020			null				0.0
1-		Dictionary			New Borrower Name		Sun May 03 00:00:00 PKT 2020			null				0.0
2-		New Book Title			New Borrower Name		Sun May 03 00:00:00 PKT 2020			null				0.0
3-		New Book Title			New Borrower Name		Sun May 03 00:00:00 PKT 2020			null				0.0
4-		New Book Title			New Borrower Name		Sun May 03 00:00:00 PKT 2020			null				0.0
5-		New Book Title			New Borrower Name		Sun May 03 00:00:00 PKT 2020			null				0.0
6-		New Book Title			New Borrower Name		Sun May 03 00:00:00 PKT 2020			null				0.0
7-		New Book Title			New Borrower Name		Sun May 03 00:00:00 PKT 2020			null				0.0
8-		New Book Title			New Borrower Name		Sun May 03 00:00:00 PKT 2020			null				0.0
9-		New Book Title			New Borrower Name		Sun May 03 00:00:00 PKT 2020			null				0.0
10-		New Book Title			New Borrower Name		Sun May 03 00:00:00 PKT 2020			null				0.0
DB Connected
1
100
102
No Books on Hold Yet!
DB Connected
1
100
102
No Books on Hold Yet!
DB Connected
1
100
102
No Books on Hold Yet!
DB Connected
1
100
102
No Books on Hold Yet!
DB Connected
1
100
102
No Books on Hold Yet!
DB Connected
1
100
102
No Books on Hold Yet!
DB Connected
1
100
102
No Books on Hold Yet!
DB Connected
1
100
102
No Books on Hold Yet!
DB Connected
1
100
102
No Books on Hold Yet!
]]></system-out>
  <system-err><![CDATA[May 03, 2020 9:36:29 AM LMS.UI.HoldBookUI jButton1ActionPerformed
SEVERE: null
com.microsoft.sqlserver.jdbc.SQLServerException: The INSERT statement conflicted with the FOREIGN KEY constraint "FK__ON_HOLD_B__BORRO__239E4DCF". The conflict occurred in database "LMS", table "dbo.BORROWER", column 'B_ID'.
	at com.microsoft.sqlserver.jdbc.SQLServerException.makeFromDatabaseError(SQLServerException.java:216)
	at com.microsoft.sqlserver.jdbc.SQLServerStatement.getNextResult(SQLServerStatement.java:1515)
	at com.microsoft.sqlserver.jdbc.SQLServerPreparedStatement.doExecutePreparedStatement(SQLServerPreparedStatement.java:404)
	at com.microsoft.sqlserver.jdbc.SQLServerPreparedStatement$PrepStmtExecCmd.doExecute(SQLServerPreparedStatement.java:350)
	at com.microsoft.sqlserver.jdbc.TDSCommand.execute(IOBuffer.java:5696)
	at com.microsoft.sqlserver.jdbc.SQLServerConnection.executeCommand(SQLServerConnection.java:1715)
	at com.microsoft.sqlserver.jdbc.SQLServerStatement.executeCommand(SQLServerStatement.java:180)
	at com.microsoft.sqlserver.jdbc.SQLServerStatement.executeStatement(SQLServerStatement.java:155)
	at com.microsoft.sqlserver.jdbc.SQLServerPreparedStatement.executeUpdate(SQLServerPreparedStatement.java:314)
	at LMS.Library.fillItBack(Library.java:1038)
	at LMS.UI.HoldBookUI.jButton1ActionPerformed(HoldBookUI.java:221)
	at LMS.UI.HoldBookUI.access$100(HoldBookUI.java:16)
	at LMS.UI.HoldBookUI$2.actionPerformed(HoldBookUI.java:78)
	at javax.swing.AbstractButton.fireActionPerformed(AbstractButton.java:2022)
	at javax.swing.AbstractButton$Handler.actionPerformed(AbstractButton.java:2348)
	at javax.swing.DefaultButtonModel.fireActionPerformed(DefaultButtonModel.java:402)
	at javax.swing.DefaultButtonModel.setPressed(DefaultButtonModel.java:259)
	at javax.swing.plaf.basic.BasicButtonListener.mouseReleased(BasicButtonListener.java:252)
	at java.awt.Component.processMouseEvent(Component.java:6539)
	at javax.swing.JComponent.processMouseEvent(JComponent.java:3324)
	at java.awt.Component.processEvent(Component.java:6304)
	at java.awt.Container.processEvent(Container.java:2239)
	at java.awt.Component.dispatchEventImpl(Component.java:4889)
	at java.awt.Container.dispatchEventImpl(Container.java:2297)
	at java.awt.Component.dispatchEvent(Component.java:4711)
	at java.awt.LightweightDispatcher.retargetMouseEvent(Container.java:4904)
	at java.awt.LightweightDispatcher.processMouseEvent(Container.java:4535)
	at java.awt.LightweightDispatcher.dispatchEvent(Container.java:4476)
	at java.awt.Container.dispatchEventImpl(Container.java:2283)
	at java.awt.Window.dispatchEventImpl(Window.java:2746)
	at java.awt.Component.dispatchEvent(Component.java:4711)
	at java.awt.EventQueue.dispatchEventImpl(EventQueue.java:760)
	at java.awt.EventQueue.access$500(EventQueue.java:97)
	at java.awt.EventQueue$3.run(EventQueue.java:709)
	at java.awt.EventQueue$3.run(EventQueue.java:703)
	at java.security.AccessController.doPrivileged(Native Method)
	at java.security.ProtectionDomain$JavaSecurityAccessImpl.doIntersectionPrivilege(ProtectionDomain.java:74)
	at java.security.ProtectionDomain$JavaSecurityAccessImpl.doIntersectionPrivilege(ProtectionDomain.java:84)
	at java.awt.EventQueue$4.run(EventQueue.java:733)
	at java.awt.EventQueue$4.run(EventQueue.java:731)
	at java.security.AccessController.doPrivileged(Native Method)
	at java.security.ProtectionDomain$JavaSecurityAccessImpl.doIntersectionPrivilege(ProtectionDomain.java:74)
	at java.awt.EventQueue.dispatchEvent(EventQueue.java:730)
	at java.awt.EventDispatchThread.pumpOneEventForFilters(EventDispatchThread.java:205)
	at java.awt.EventDispatchThread.pumpEventsForFilter(EventDispatchThread.java:116)
	at java.awt.EventDispatchThread.pumpEventsForHierarchy(EventDispatchThread.java:105)
	at java.awt.EventDispatchThread.pumpEvents(EventDispatchThread.java:101)
	at java.awt.EventDispatchThread.pumpEvents(EventDispatchThread.java:93)
	at java.awt.EventDispatchThread.run(EventDispatchThread.java:82)

Exception in thread "AWT-EventQueue-0" java.lang.NumberFormatException: For input string: "200#"
	at java.lang.NumberFormatException.forInputString(NumberFormatException.java:65)
	at java.lang.Integer.parseInt(Integer.java:580)
	at java.lang.Integer.parseInt(Integer.java:615)
	at LMS.UI.IssueBookUI.jButton1ActionPerformed(IssueBookUI.java:167)
	at LMS.UI.IssueBookUI.access$000(IssueBookUI.java:18)
	at LMS.UI.IssueBookUI$1.actionPerformed(IssueBookUI.java:75)
	at javax.swing.AbstractButton.fireActionPerformed(AbstractButton.java:2022)
	at javax.swing.AbstractButton$Handler.actionPerformed(AbstractButton.java:2348)
	at javax.swing.DefaultButtonModel.fireActionPerformed(DefaultButtonModel.java:402)
	at javax.swing.DefaultButtonModel.setPressed(DefaultButtonModel.java:259)
	at javax.swing.plaf.basic.BasicButtonListener.mouseReleased(BasicButtonListener.java:252)
	at java.awt.Component.processMouseEvent(Component.java:6539)
	at javax.swing.JComponent.processMouseEvent(JComponent.java:3324)
	at java.awt.Component.processEvent(Component.java:6304)
	at java.awt.Container.processEvent(Container.java:2239)
	at java.awt.Component.dispatchEventImpl(Component.java:4889)
	at java.awt.Container.dispatchEventImpl(Container.java:2297)
	at java.awt.Component.dispatchEvent(Component.java:4711)
	at java.awt.LightweightDispatcher.retargetMouseEvent(Container.java:4904)
	at java.awt.LightweightDispatcher.processMouseEvent(Container.java:4535)
	at java.awt.LightweightDispatcher.dispatchEvent(Container.java:4476)
	at java.awt.Container.dispatchEventImpl(Container.java:2283)
	at java.awt.Window.dispatchEventImpl(Window.java:2746)
	at java.awt.Component.dispatchEvent(Component.java:4711)
	at java.awt.EventQueue.dispatchEventImpl(EventQueue.java:760)
	at java.awt.EventQueue.access$500(EventQueue.java:97)
	at java.awt.EventQueue$3.run(EventQueue.java:709)
	at java.awt.EventQueue$3.run(EventQueue.java:703)
	at java.security.AccessController.doPrivileged(Native Method)
	at java.security.ProtectionDomain$JavaSecurityAccessImpl.doIntersectionPrivilege(ProtectionDomain.java:74)
	at java.security.ProtectionDomain$JavaSecurityAccessImpl.doIntersectionPrivilege(ProtectionDomain.java:84)
	at java.awt.EventQueue$4.run(EventQueue.java:733)
	at java.awt.EventQueue$4.run(EventQueue.java:731)
	at java.security.AccessController.doPrivileged(Native Method)
	at java.security.ProtectionDomain$JavaSecurityAccessImpl.doIntersectionPrivilege(ProtectionDomain.java:74)
	at java.awt.EventQueue.dispatchEvent(EventQueue.java:730)
	at java.awt.EventDispatchThread.pumpOneEventForFilters(EventDispatchThread.java:205)
	at java.awt.EventDispatchThread.pumpEventsForFilter(EventDispatchThread.java:116)
	at java.awt.EventDispatchThread.pumpEventsForHierarchy(EventDispatchThread.java:105)
	at java.awt.EventDispatchThread.pumpEvents(EventDispatchThread.java:101)
	at java.awt.EventDispatchThread.pumpEvents(EventDispatchThread.java:93)
	at java.awt.EventDispatchThread.run(EventDispatchThread.java:82)
Exception in thread "AWT-EventQueue-0" java.lang.NumberFormatException: For input string: "10QW0"
	at java.lang.NumberFormatException.forInputString(NumberFormatException.java:65)
	at java.lang.Integer.parseInt(Integer.java:580)
	at java.lang.Integer.parseInt(Integer.java:615)
	at LMS.UI.IssueBookUI.jButton1ActionPerformed(IssueBookUI.java:168)
	at LMS.UI.IssueBookUI.access$000(IssueBookUI.java:18)
	at LMS.UI.IssueBookUI$1.actionPerformed(IssueBookUI.java:75)
	at javax.swing.AbstractButton.fireActionPerformed(AbstractButton.java:2022)
	at javax.swing.AbstractButton$Handler.actionPerformed(AbstractButton.java:2348)
	at javax.swing.DefaultButtonModel.fireActionPerformed(DefaultButtonModel.java:402)
	at javax.swing.DefaultButtonModel.setPressed(DefaultButtonModel.java:259)
	at javax.swing.plaf.basic.BasicButtonListener.mouseReleased(BasicButtonListener.java:252)
	at java.awt.Component.processMouseEvent(Component.java:6539)
	at javax.swing.JComponent.processMouseEvent(JComponent.java:3324)
	at java.awt.Component.processEvent(Component.java:6304)
	at java.awt.Container.processEvent(Container.java:2239)
	at java.awt.Component.dispatchEventImpl(Component.java:4889)
	at java.awt.Container.dispatchEventImpl(Container.java:2297)
	at java.awt.Component.dispatchEvent(Component.java:4711)
	at java.awt.LightweightDispatcher.retargetMouseEvent(Container.java:4904)
	at java.awt.LightweightDispatcher.processMouseEvent(Container.java:4535)
	at java.awt.LightweightDispatcher.dispatchEvent(Container.java:4476)
	at java.awt.Container.dispatchEventImpl(Container.java:2283)
	at java.awt.Window.dispatchEventImpl(Window.java:2746)
	at java.awt.Component.dispatchEvent(Component.java:4711)
	at java.awt.EventQueue.dispatchEventImpl(EventQueue.java:760)
	at java.awt.EventQueue.access$500(EventQueue.java:97)
	at java.awt.EventQueue$3.run(EventQueue.java:709)
	at java.awt.EventQueue$3.run(EventQueue.java:703)
	at java.security.AccessController.doPrivileged(Native Method)
	at java.security.ProtectionDomain$JavaSecurityAccessImpl.doIntersectionPrivilege(ProtectionDomain.java:74)
	at java.security.ProtectionDomain$JavaSecurityAccessImpl.doIntersectionPrivilege(ProtectionDomain.java:84)
	at java.awt.EventQueue$4.run(EventQueue.java:733)
	at java.awt.EventQueue$4.run(EventQueue.java:731)
	at java.security.AccessController.doPrivileged(Native Method)
	at java.security.ProtectionDomain$JavaSecurityAccessImpl.doIntersectionPrivilege(ProtectionDomain.java:74)
	at java.awt.EventQueue.dispatchEvent(EventQueue.java:730)
	at java.awt.EventDispatchThread.pumpOneEventForFilters(EventDispatchThread.java:205)
	at java.awt.EventDispatchThread.pumpEventsForFilter(EventDispatchThread.java:116)
	at java.awt.EventDispatchThread.pumpEventsForHierarchy(EventDispatchThread.java:105)
	at java.awt.EventDispatchThread.pumpEvents(EventDispatchThread.java:101)
	at java.awt.EventDispatchThread.pumpEvents(EventDispatchThread.java:93)
	at java.awt.EventDispatchThread.run(EventDispatchThread.java:82)
]]></system-err>
</testsuite>
